

Sync started at Tue Nov 29 16:31:43 2016

`block`                          0        0         0        0        0
`block_note`                     0        0         0        0        0
`blockstatus`                    5        5         0        0        0
`cleancsbatch`                   0        0         0        0        0
`coverslip`                    100        5       100        0        0
`coverslipdustassay`             0        0         0        0        0
`coverslipstatus`                7        7         0        0        0
`coversliptype`                  2        1         1        0        0
`cryoprotection`                 5        5         0        0        0
`document`                       0        0         0        0        0
`embedding`                      7        7         0        0        0
`fixative`                       5        5         0        0        0
`fixmethod`                      5        5         0        0        0
`freezeprotocol`                 9        9         0        0        0
Field count not equal for '`freshcsbatch`' table
`image`                          0        0         0        0        0
`images`                         0        0         0        0        0
`infiltration`                   6        6         0        0        0
`note`                           0        0         0        0        0
`postfix`                       11       11         0        0        0
`preprocesstreatment`           18       18         0        0        0
`ribbon`                         0        0         0        0        0
`ribbon_note`                    0        0         0        0        0
`specie`                         5        5         0        0        0
Column NAME mismatch for '`specimen`' table
`substitution`                   9        9         0        0        0
`user`                           4        4         0        0        0

Total time taken - 2 sec(s)


